<?xml version="1.0" encoding="UTF-8"?>
<testsuite xmlns:xsi="http://www.w3.org/2001/XMLSchema-instance" xsi:noNamespaceSchemaLocation="https://maven.apache.org/surefire/maven-surefire-plugin/xsd/surefire-test-report-3.0.xsd" version="3.0" name="com.jiraservice.JavaToJira.JavaToJiraApplicationTests" time="2.848" tests="1" errors="0" skipped="0" failures="0">
  <properties>
[...]
</properties>
  <testcase name="contextLoads" classname="com.jiraservice.JavaToJira.JavaToJiraApplicationTests" time="0.905">
    <system-out><![CDATA[22:43:49.453 [main] INFO org.springframework.test.context.support.AnnotationConfigContextLoaderUtils -- Could not detect default configuration classes for test class [com.jiraservice.JavaToJira.JavaToJiraApplicationTests]: JavaToJiraApplicationTests does not declare any static, non-private, non-final, nested classes annotated with @Configuration.
22:43:49.540 [main] INFO org.springframework.boot.test.context.SpringBootTestContextBootstrapper -- Found @SpringBootConfiguration com.jiraservice.JavaToJira.JavaToJiraApplication for test class com.jiraservice.JavaToJira.JavaToJiraApplicationTests

  .   ____          _            __ _ _
 /\\ / ___'_ __ _ _(_)_ __  __ _ \ \ \ \
( ( )\___ | '_ | '_| | '_ \/ _` | \ \ \ \
 \\/  ___)| |_)| | | | | || (_| |  ) ) ) )
  '  |____| .__|_| |_|_| |_\__, | / / / /
 =========|_|==============|___/=/_/_/_/
 :: Spring Boot ::                (v3.1.3)

2023-09-03T22:43:49.975+05:30  WARN 19724 --- [           main] ory$DuplicateJsonObjectContextCustomizer : 

Found multiple occurrences of org.json.JSONObject on the class path:

	jar:file:/C:/Users/Sudeept/.m2/repository/com/vaadin/external/google/android-json/0.0.20131108.vaadin1/android-json-0.0.20131108.vaadin1.jar!/org/json/JSONObject.class
	jar:file:/C:/Users/Sudeept/.m2/repository/org/json/json/20090211/json-20090211.jar!/org/json/JSONObject.class

You may wish to exclude one of them to ensure predictable runtime behavior

2023-09-03T22:43:49.996+05:30  INFO 19724 --- [           main] c.j.J.JavaToJiraApplicationTests         : Starting JavaToJiraApplicationTests using Java 17.0.7 with PID 19724 (started by Sudeept in C:\Users\Sudeept\Downloads\JavaToJira\JavaToJira)
2023-09-03T22:43:49.998+05:30  INFO 19724 --- [           main] c.j.J.JavaToJiraApplicationTests         : No active profile set, falling back to 1 default profile: "default"
2023-09-03T22:43:51.174+05:30  INFO 19724 --- [           main] c.j.J.JavaToJiraApplicationTests         : Started JavaToJiraApplicationTests in 1.459 seconds (process running for 2.516)
]]></system-out>
  </testcase>
</testsuite>